<?xml version="1.0" encoding="UTF-8"?>
<coverage generated="1710098999643" clover="3.2.0">
  <project timestamp="1710098999643" name="All files">
    <metrics statements="11" coveredstatements="10" conditionals="10" coveredconditionals="4" methods="6" coveredmethods="4" elements="27" coveredelements="18" complexity="0" loc="11" ncloc="11" packages="2" files="2" classes="2"/>
    <package name="HeaderComponent">
      <metrics statements="3" coveredstatements="3" conditionals="2" coveredconditionals="1" methods="2" coveredmethods="1"/>
      <file name="Header.js" path="C:\Users\Srinivas\Desktop\REST-COUNTRIES-API\src\HeaderComponent\Header.js">
        <metrics statements="3" coveredstatements="3" conditionals="2" coveredconditionals="1" methods="2" coveredmethods="1"/>
        <line num="3" count="1" type="stmt"/>
        <line num="5" count="1" type="stmt"/>
        <line num="7" count="1" type="stmt"/>
      </file>
    </package>
    <package name="Utils">
      <metrics statements="8" coveredstatements="7" conditionals="8" coveredconditionals="3" methods="4" coveredmethods="3"/>
      <file name="modeSetters.js" path="C:\Users\Srinivas\Desktop\REST-COUNTRIES-API\src\Utils\modeSetters.js">
        <metrics statements="8" coveredstatements="7" conditionals="8" coveredconditionals="3" methods="4" coveredmethods="3"/>
        <line num="1" count="1" type="stmt"/>
        <line num="2" count="1" type="cond" truecount="1" falsecount="1"/>
        <line num="5" count="1" type="stmt"/>
        <line num="6" count="1" type="cond" truecount="1" falsecount="1"/>
        <line num="9" count="1" type="stmt"/>
        <line num="10" count="1" type="cond" truecount="1" falsecount="1"/>
        <line num="13" count="1" type="stmt"/>
        <line num="14" count="0" type="cond" truecount="0" falsecount="2"/>
      </file>
    </package>
  </project>
</coverage>
