{"C:\\Users\\Srinivas\\Desktop\\REST-COUNTRIES-API\\src\\HeaderComponent\\Header.js": {"path":"C:\\Users\\Srinivas\\Desktop\\REST-COUNTRIES-API\\src\\HeaderComponent\\Header.js","statementMap":{"0":{"start":{"line":3,"column":15},"end":{"line":27,"column":1}},"1":{"start":{"line":5,"column":23},"end":{"line":5,"column":48}},"2":{"start":{"line":5,"column":29},"end":{"line":5,"column":48}},"3":{"start":{"line":7,"column":2},"end":{"line":26,"column":4}}},"fnMap":{"0":{"name":"(anonymous_0)","decl":{"start":{"line":3,"column":15},"end":{"line":3,"column":16}},"loc":{"start":{"line":3,"column":44},"end":{"line":27,"column":1}},"line":3},"1":{"name":"(anonymous_1)","decl":{"start":{"line":5,"column":23},"end":{"line":5,"column":24}},"loc":{"start":{"line":5,"column":29},"end":{"line":5,"column":48}},"line":5}},"branchMap":{"0":{"loc":{"start":{"line":22,"column":66},"end":{"line":22,"column":120}},"type":"cond-expr","locations":[{"start":{"line":22,"column":94},"end":{"line":22,"column":106}},{"start":{"line":22,"column":109},"end":{"line":22,"column":120}}],"line":22}},"s":{"0":1,"1":1,"2":0,"3":1},"f":{"0":1,"1":0},"b":{"0":[0,1]},"_coverageSchema":"1a1c01bbd47fc00a2c39e90264f33305004495a9","hash":"8a784b9bd53baaeda5b4baa75f73d662f39a8511"}
,"C:\\Users\\Srinivas\\Desktop\\REST-COUNTRIES-API\\src\\Utils\\modeSetters.js": {"path":"C:\\Users\\Srinivas\\Desktop\\REST-COUNTRIES-API\\src\\Utils\\modeSetters.js","statementMap":{"0":{"start":{"line":1,"column":34},"end":{"line":3,"column":1}},"1":{"start":{"line":2,"column":2},"end":{"line":2,"column":65}},"2":{"start":{"line":5,"column":28},"end":{"line":7,"column":1}},"3":{"start":{"line":6,"column":2},"end":{"line":6,"column":65}},"4":{"start":{"line":9,"column":23},"end":{"line":11,"column":1}},"5":{"start":{"line":10,"column":2},"end":{"line":10,"column":52}},"6":{"start":{"line":13,"column":43},"end":{"line":15,"column":1}},"7":{"start":{"line":14,"column":2},"end":{"line":14,"column":69}}},"fnMap":{"0":{"name":"(anonymous_0)","decl":{"start":{"line":1,"column":34},"end":{"line":1,"column":35}},"loc":{"start":{"line":1,"column":47},"end":{"line":3,"column":1}},"line":1},"1":{"name":"(anonymous_1)","decl":{"start":{"line":5,"column":28},"end":{"line":5,"column":29}},"loc":{"start":{"line":5,"column":41},"end":{"line":7,"column":1}},"line":5},"2":{"name":"(anonymous_2)","decl":{"start":{"line":9,"column":23},"end":{"line":9,"column":24}},"loc":{"start":{"line":9,"column":36},"end":{"line":11,"column":1}},"line":9},"3":{"name":"(anonymous_3)","decl":{"start":{"line":13,"column":43},"end":{"line":13,"column":44}},"loc":{"start":{"line":13,"column":56},"end":{"line":15,"column":1}},"line":13}},"branchMap":{"0":{"loc":{"start":{"line":2,"column":9},"end":{"line":2,"column":64}},"type":"cond-expr","locations":[{"start":{"line":2,"column":37},"end":{"line":2,"column":51}},{"start":{"line":2,"column":54},"end":{"line":2,"column":64}}],"line":2},"1":{"loc":{"start":{"line":6,"column":9},"end":{"line":6,"column":64}},"type":"cond-expr","locations":[{"start":{"line":6,"column":37},"end":{"line":6,"column":49}},{"start":{"line":6,"column":52},"end":{"line":6,"column":64}}],"line":6},"2":{"loc":{"start":{"line":10,"column":9},"end":{"line":10,"column":51}},"type":"cond-expr","locations":[{"start":{"line":10,"column":37},"end":{"line":10,"column":42}},{"start":{"line":10,"column":45},"end":{"line":10,"column":51}}],"line":10},"3":{"loc":{"start":{"line":14,"column":9},"end":{"line":14,"column":68}},"type":"cond-expr","locations":[{"start":{"line":14,"column":37},"end":{"line":14,"column":51}},{"start":{"line":14,"column":54},"end":{"line":14,"column":68}}],"line":14}},"s":{"0":1,"1":1,"2":1,"3":1,"4":1,"5":1,"6":1,"7":0},"f":{"0":1,"1":1,"2":1,"3":0},"b":{"0":[0,1],"1":[0,1],"2":[0,1],"3":[0,0]},"_coverageSchema":"1a1c01bbd47fc00a2c39e90264f33305004495a9","hash":"8e9cd9647c4144ee7766c9ddb9fb1add41183653"}
}
